<?xml version="1.0" encoding="UTF-8"?>
<!-- Generated by org.testng.reporters.JUnitReportReporter -->
<testsuite hostname="DESKTOP-LP3CKGT" failures="0" tests="2" name="TestNGExercis.TSNGAnnotations" time="0.009" errors="0" timestamp="2020-05-20T10:42:49 EDT" skipped="0">
  <testcase classname="TestNGExercis.TSNGAnnotations" name="testPosswordBox" time="0.007"/>
  <system-out/>
  <testcase classname="TestNGExercis.TSNGAnnotations" name="testUsernameBox" time="0.002"/>
  <system-out/>
</testsuite> <!-- TestNGExercis.TSNGAnnotations -->
