<?xml version="1.0" encoding="UTF-8"?>
<!-- Generated by org.testng.reporters.JUnitReportReporter -->
<testsuite hostname="DESKTOP-LP3CKGT" failures="0" tests="3" name="TestNG.GoogleTest" time="20.664" errors="0" timestamp="2020-05-19T00:02:23 EDT" skipped="0">
  <testcase classname="TestNG.GoogleTest" name="gmail" time="7.108"/>
  <system-out/>
  <testcase classname="TestNG.GoogleTest" name="googleTitileTest" time="6.585"/>
  <system-out/>
  <testcase classname="TestNG.GoogleTest" name="googleLogoTest" time="6.971"/>
  <system-out/>
</testsuite> <!-- TestNG.GoogleTest -->
