<?xml version="1.0" encoding="UTF-8"?>
<!-- Generated by org.testng.reporters.JUnitReportReporter -->
<testsuite hostname="DESKTOP-LP3CKGT" failures="0" tests="3" name="com.test.GoogleTest" time="21.443" errors="0" timestamp="2020-05-18T10:54:22 EDT" skipped="0">
  <testcase classname="com.test.GoogleTest" name="googleLogoTest" time="7.542"/>
  <system-out/>
  <testcase classname="com.test.GoogleTest" name="googleTitileTest" time="6.842"/>
  <system-out/>
  <testcase classname="com.test.GoogleTest" name="gmail" time="7.059"/>
  <system-out/>
</testsuite> <!-- com.test.GoogleTest -->
