<?xml version="1.0" encoding="UTF-8"?>
<!-- Generated by org.testng.reporters.JUnitReportReporter -->
<testsuite hostname="DESKTOP-LP3CKGT" failures="0" tests="2" name="TestNG.a6ValidationOfTestCase" time="21.121" errors="0" timestamp="2020-05-19T17:01:50 EDT" skipped="0">
  <testcase classname="TestNG.a6ValidationOfTestCase" name="googleLogoTest" time="10.376"/>
  <system-out/>
  <testcase classname="TestNG.a6ValidationOfTestCase" name="googleTitileTest" time="10.745"/>
  <system-out/>
</testsuite> <!-- TestNG.a6ValidationOfTestCase -->
