<?xml version="1.0" encoding="UTF-8"?>
<!-- Generated by org.testng.reporters.JUnitReportReporter -->
<testsuite hostname="DESKTOP-LP3CKGT" failures="0" tests="5" name="TestNG.a2GoogleTest" time="41.799" errors="0" timestamp="2020-05-19T10:04:48 EDT" skipped="0">
  <testcase classname="TestNG.a2GoogleTest" name="search" time="12.635"/>
  <system-out/>
  <testcase classname="TestNG.a2GoogleTest" name="linkList" time="6.933"/>
  <system-out/>
  <testcase classname="TestNG.a2GoogleTest" name="googleLogoTest" time="6.993"/>
  <system-out/>
  <testcase classname="TestNG.a2GoogleTest" name="gmail" time="8.391"/>
  <system-out/>
  <testcase classname="TestNG.a2GoogleTest" name="googleTitileTest" time="6.847"/>
  <system-out/>
</testsuite> <!-- TestNG.a2GoogleTest -->
