<?xml version="1.0" encoding="UTF-8"?>
<!-- Generated by org.testng.reporters.JUnitReportReporter -->
<testsuite hostname="DESKTOP-LP3CKGT" failures="0" tests="1" name="TestNG.a5ExpectedEceptionsTNG" time="0.009" errors="0" timestamp="2020-05-19T16:30:34 EDT" skipped="0">
  <testcase classname="TestNG.a5ExpectedEceptionsTNG" name="test1" time="0.009"/>
  <system-out/>
</testsuite> <!-- TestNG.a5ExpectedEceptionsTNG -->
