<?xml version="1.0" encoding="UTF-8"?>
<!-- Generated by org.testng.reporters.JUnitReportReporter -->
<testsuite hostname="DESKTOP-LP3CKGT" failures="0" tests="3" name="TestNG.fghj" time="21.766" errors="0" timestamp="2020-05-19T00:17:29 EDT" skipped="0">
  <testcase classname="TestNG.fghj" name="gmail" time="7.849"/>
  <system-out/>
  <testcase classname="TestNG.fghj" name="googleTitileTest" time="6.896"/>
  <system-out/>
  <testcase classname="TestNG.fghj" name="googleLogoTest" time="7.021"/>
  <system-out/>
</testsuite> <!-- TestNG.fghj -->
