<?xml version="1.0" encoding="UTF-8"?>
<!-- Generated by org.testng.reporters.JUnitReportReporter -->
<testsuite hostname="DESKTOP-LP3CKGT" failures="0" tests="10" name="TestNG.a4InvocationCountTestTNG" time="0.017" errors="0" timestamp="2020-05-19T16:12:05 EDT" skipped="0">
  <testcase classname="TestNG.a4InvocationCountTestTNG" name="sum" time="0.001"/>
  <system-out/>
  <testcase classname="TestNG.a4InvocationCountTestTNG" name="sum" time="0.001"/>
  <system-out/>
  <testcase classname="TestNG.a4InvocationCountTestTNG" name="sum" time="0.007"/>
  <system-out/>
  <testcase classname="TestNG.a4InvocationCountTestTNG" name="sum" time="0.001"/>
  <system-out/>
  <testcase classname="TestNG.a4InvocationCountTestTNG" name="sum" time="0.001"/>
  <system-out/>
  <testcase classname="TestNG.a4InvocationCountTestTNG" name="sum" time="0.001"/>
  <system-out/>
  <testcase classname="TestNG.a4InvocationCountTestTNG" name="sum" time="0.001"/>
  <system-out/>
  <testcase classname="TestNG.a4InvocationCountTestTNG" name="sum" time="0.002"/>
  <system-out/>
  <testcase classname="TestNG.a4InvocationCountTestTNG" name="sum" time="0.001"/>
  <system-out/>
  <testcase classname="TestNG.a4InvocationCountTestTNG" name="sum" time="0.001"/>
  <system-out/>
</testsuite> <!-- TestNG.a4InvocationCountTestTNG -->
