<?xml version="1.0" encoding="UTF-8"?>
<!-- Generated by org.testng.reporters.JUnitReportReporter -->
<testsuite hostname="DESKTOP-LP3CKGT" failures="0" tests="4" name="TestNG.a3TesNGFeatuers" time="0.012" errors="0" timestamp="2020-05-19T10:37:46 EDT" skipped="0">
  <testcase classname="TestNG.a3TesNGFeatuers" name="loginTest" time="0.008"/>
  <system-out/>
  <testcase classname="TestNG.a3TesNGFeatuers" name="homePageTest" time="0.002"/>
  <system-out/>
  <testcase classname="TestNG.a3TesNGFeatuers" name="logOut" time="0.001"/>
  <system-out/>
  <testcase classname="TestNG.a3TesNGFeatuers" name="searchTest" time="0.001"/>
  <system-out/>
</testsuite> <!-- TestNG.a3TesNGFeatuers -->
